[debug] [2021-07-09T20:04:06.034Z] ----------------------------------------------------------------------
[debug] [2021-07-09T20:04:06.035Z] Command:       C:\Program Files\nodejs\node.exe C:\Users\CARLOSARIASSALGADO\AppData\Roaming\npm\node_modules\firebase-tools\lib\bin\firebase.js init hosting
[debug] [2021-07-09T20:04:06.036Z] CLI Version:   9.16.0
[debug] [2021-07-09T20:04:06.036Z] Platform:      win32
[debug] [2021-07-09T20:04:06.036Z] Node Version:  v16.0.0
[debug] [2021-07-09T20:04:06.037Z] Time:          Fri Jul 09 2021 14:04:06 GMT-0600 (hora estándar central)
[debug] [2021-07-09T20:04:06.037Z] ----------------------------------------------------------------------
[debug] 
[debug] [2021-07-09T20:04:06.043Z] > command requires scopes: ["email","openid","https://www.googleapis.com/auth/cloudplatformprojects.readonly","https://www.googleapis.com/auth/firebase","https://www.googleapis.com/auth/cloud-platform"]
[debug] [2021-07-09T20:04:06.043Z] > authorizing via signed-in user (enriquefaker35@gmail.com)
[info] 
     ######## #### ########  ######## ########     ###     ######  ########
     ##        ##  ##     ## ##       ##     ##  ##   ##  ##       ##
     ######    ##  ########  ######   ########  #########  ######  ######
     ##        ##  ##    ##  ##       ##     ## ##     ##       ## ##
     ##       #### ##     ## ######## ########  ##     ##  ######  ########

You're about to initialize a Firebase project in this directory:

  D:\Todo\TD\Documentos\Proyectos\React - la guía completa\producthunt

[info] 
=== Project Setup
[info] 
[info] First, let's associate this project directory with a Firebase project.
[info] You can create multiple project aliases by running firebase use --add, 
[info] but for now we'll just set up a default project.
[info] 
[debug] [2021-07-09T20:04:34.134Z] ----------------------------------------------------------------------
[debug] [2021-07-09T20:04:34.135Z] Command:       C:\Program Files\nodejs\node.exe C:\Users\CARLOSARIASSALGADO\AppData\Roaming\npm\node_modules\firebase-tools\lib\bin\firebase.js init hosting
[debug] [2021-07-09T20:04:34.136Z] CLI Version:   9.16.0
[debug] [2021-07-09T20:04:34.136Z] Platform:      win32
[debug] [2021-07-09T20:04:34.136Z] Node Version:  v16.0.0
[debug] [2021-07-09T20:04:34.137Z] Time:          Fri Jul 09 2021 14:04:34 GMT-0600 (hora estándar central)
[debug] [2021-07-09T20:04:34.137Z] ----------------------------------------------------------------------
[debug] 
[debug] [2021-07-09T20:04:34.143Z] > command requires scopes: ["email","openid","https://www.googleapis.com/auth/cloudplatformprojects.readonly","https://www.googleapis.com/auth/firebase","https://www.googleapis.com/auth/cloud-platform"]
[debug] [2021-07-09T20:04:34.144Z] > authorizing via signed-in user (enriquefaker35@gmail.com)
[info] 
     ######## #### ########  ######## ########     ###     ######  ########
     ##        ##  ##     ## ##       ##     ##  ##   ##  ##       ##
     ######    ##  ########  ######   ########  #########  ######  ######
     ##        ##  ##    ##  ##       ##     ## ##     ##       ## ##
     ##       #### ##     ## ######## ########  ##     ##  ######  ########

You're about to initialize a Firebase project in this directory:

  D:\Todo\TD\Documentos\Proyectos\React - la guía completa\producthunt

[info] 
=== Project Setup
[info] 
[info] First, let's associate this project directory with a Firebase project.
[info] You can create multiple project aliases by running firebase use --add, 
[info] but for now we'll just set up a default project.
[info] 
[debug] [2021-07-09T20:05:58.355Z] >>> [apiv2][query] GET https://firebase.googleapis.com/v1beta1/projects pageSize=100
[debug] [2021-07-09T20:05:58.772Z] <<< [apiv2][status] GET https://firebase.googleapis.com/v1beta1/projects 200
[debug] [2021-07-09T20:05:58.772Z] <<< [apiv2][body] GET https://firebase.googleapis.com/v1beta1/projects [omitted]
[info] i  Using project producthunt-d07fb (producthunt) 
[info] 
=== Hosting Setup
[info] 
[info] Your public directory is the folder (relative to your project directory) that
[info] will contain Hosting assets to be uploaded with firebase deploy. If you
[info] have a build process for your assets, use your build's output directory.
[info] 
